# JRE version: Java(TM) SE Runtime Environment (8.0_231-b11) (build 1.8.0_231-b11)
# Java VM: Java HotSpot(TM) 64-Bit Server VM (25.231-b11 mixed mode windows-amd64 compressed oops)
Heap:
 PSYoungGen      total 9216K, used 5944K [0x00000000f6100000, 0x00000000f6b00000, 0x0000000100000000)
  eden space 8192K, 60% used [0x00000000f6100000,0x00000000f65cf690,0x00000000f6900000)
  from space 1024K, 99% used [0x00000000f6a00000,0x00000000f6afe9c8,0x00000000f6b00000)
  to   space 1024K, 0% used [0x00000000f6900000,0x00000000f6900000,0x00000000f6a00000)
 ParOldGen       total 20480K, used 6296K [0x00000000e2200000, 0x00000000e3600000, 0x00000000f6100000)
  object space 20480K, 30% used [0x00000000e2200000,0x00000000e28261c8,0x00000000e3600000)
 Metaspace       used 15565K, capacity 15816K, committed 16128K, reserved 1062912K
  class space    used 1831K, capacity 1922K, committed 2048K, reserved 1048576K
GC Heap History (4 events):
Event: 2.908 GC heap before
{Heap before GC invocations=1 (full 0):
 PSYoungGen      total 9216K, used 8192K [0x00000000f6100000, 0x00000000f6b00000, 0x0000000100000000)
  eden space 8192K, 100% used [0x00000000f6100000,0x00000000f6900000,0x00000000f6900000)
  from space 1024K, 0% used [0x00000000f6a00000,0x00000000f6a00000,0x00000000f6b00000)
  to   space 1024K, 0% used [0x00000000f6900000,0x00000000f6900000,0x00000000f6a00000)
 ParOldGen       total 20480K, used 0K [0x00000000e2200000, 0x00000000e3600000, 0x00000000f6100000)
  object space 20480K, 0% used [0x00000000e2200000,0x00000000e2200000,0x00000000e3600000)
 Metaspace       used 11331K, capacity 11532K, committed 11776K, reserved 1058816K
  class space    used 1408K, capacity 1499K, committed 1536K, reserved 1048576K
Event: 2.922 GC heap after
Heap after GC invocations=1 (full 0):
 PSYoungGen      total 9216K, used 1016K [0x00000000f6100000, 0x00000000f6b00000, 0x0000000100000000)
  eden space 8192K, 0% used [0x00000000f6100000,0x00000000f6100000,0x00000000f6900000)
  from space 1024K, 99% used [0x00000000f6900000,0x00000000f69fe120,0x00000000f6a00000)
  to   space 1024K, 0% used [0x00000000f6a00000,0x00000000f6a00000,0x00000000f6b00000)
 ParOldGen       total 20480K, used 1476K [0x00000000e2200000, 0x00000000e3600000, 0x00000000f6100000)
  object space 20480K, 7% used [0x00000000e2200000,0x00000000e2371060,0x00000000e3600000)
 Metaspace       used 11331K, capacity 11532K, committed 11776K, reserved 1058816K
  class space    used 1408K, capacity 1499K, committed 1536K, reserved 1048576K
}
Event: 12.451 GC heap before
{Heap before GC invocations=2 (full 0):
 PSYoungGen      total 9216K, used 9208K [0x00000000f6100000, 0x00000000f6b00000, 0x0000000100000000)
  eden space 8192K, 100% used [0x00000000f6100000,0x00000000f6900000,0x00000000f6900000)
  from space 1024K, 99% used [0x00000000f6900000,0x00000000f69fe120,0x00000000f6a00000)
  to   space 1024K, 0% used [0x00000000f6a00000,0x00000000f6a00000,0x00000000f6b00000)
 ParOldGen       total 20480K, used 1476K [0x00000000e2200000, 0x00000000e3600000, 0x00000000f6100000)
  object space 20480K, 7% used [0x00000000e2200000,0x00000000e2371060,0x00000000e3600000)
 Metaspace       used 12726K, capacity 12950K, committed 13184K, reserved 1060864K
  class space    used 1553K, capacity 1628K, committed 1664K, reserved 1048576K
Event: 12.466 GC heap after
Heap after GC invocations=2 (full 0):
 PSYoungGen      total 9216K, used 1018K [0x00000000f6100000, 0x00000000f6b00000, 0x0000000100000000)
  eden space 8192K, 0% used [0x00000000f6100000,0x00000000f6100000,0x00000000f6900000)
  from space 1024K, 99% used [0x00000000f6a00000,0x00000000f6afe9c8,0x00000000f6b00000)
  to   space 1024K, 0% used [0x00000000f6900000,0x00000000f6900000,0x00000000f6a00000)
 ParOldGen       total 20480K, used 6296K [0x00000000e2200000, 0x00000000e3600000, 0x00000000f6100000)
  object space 20480K, 30% used [0x00000000e2200000,0x00000000e28261c8,0x00000000e3600000)
 Metaspace       used 12726K, capacity 12950K, committed 13184K, reserved 1060864K
  class space    used 1553K, capacity 1628K, committed 1664K, reserved 1048576K
}

